  main.cpp
c:\users\赵冬昊\desktop\cg project\src\bvh.h(22): warning C4305: “=”: 从“const double”到“float”截断
c:\users\赵冬昊\desktop\cg project\src\bvh.h(23): warning C4305: “=”: 从“const double”到“float”截断
c:\users\赵冬昊\desktop\cg project\src\bvh.h(84): warning C4244: “参数”: 从“const double”转换到“const float”，可能丢失数据
c:\users\赵冬昊\desktop\cg project\src\bvh.h(100): warning C4267: “初始化”: 从“size_t”转换到“int”，可能丢失数据
c:\users\赵冬昊\desktop\cg project\src\main.cpp(248): warning C4244: “return”: 从“double”转换到“float”，可能丢失数据
c:\users\赵冬昊\desktop\cg project\src\main.cpp(271): warning C4244: “return”: 从“double”转换到“float”，可能丢失数据
c:\users\赵冬昊\desktop\cg project\src\main.cpp(559): warning C4067: 预处理器指令后有意外标记 - 应输入换行符
c:\users\赵冬昊\desktop\cg project\src\main.cpp(572): warning C4804: “<”: 在操作中使用类型“bool”不安全
c:\users\赵冬昊\desktop\cg project\src\main.cpp(716): warning C4305: “参数”: 从“double”到“float”截断
c:\users\赵冬昊\desktop\cg project\src\main.cpp(896): warning C4267: “初始化”: 从“size_t”转换到“int”，可能丢失数据
c:\users\赵冬昊\desktop\cg project\src\main.cpp(944): warning C4244: “=”: 从“const double”转换到“float”，可能丢失数据
c:\users\赵冬昊\desktop\cg project\src\main.cpp(945): warning C4244: “=”: 从“const double”转换到“float”，可能丢失数据
c:\users\赵冬昊\desktop\cg project\src\main.cpp(946): warning C4244: “=”: 从“const double”转换到“float”，可能丢失数据
c:\users\赵冬昊\desktop\cg project\src\main.cpp(947): warning C4244: “=”: 从“const double”转换到“float”，可能丢失数据
c:\users\赵冬昊\desktop\cg project\src\main.cpp(948): warning C4244: “=”: 从“const double”转换到“float”，可能丢失数据
c:\users\赵冬昊\desktop\cg project\src\main.cpp(949): warning C4244: “=”: 从“const double”转换到“float”，可能丢失数据
  正在生成代码
  0 of 2114 functions ( 0.0%) were compiled, the rest were copied from previous compilation.
    0 functions were new in current compilation
    0 functions had inline decision re-evaluated but remain unchanged
  已完成代码的生成
  SimpleVolPath_bssrdf.vcxproj -> C:\Users\赵冬昊\Desktop\CG Project\x64\Release\SimpleVolPath_bssrdf.exe
